(THU.CST) os is loading ...

Special kernel symbols:
  entry  0xc0100036 (phys)
  etext  0xc010b3a7 (phys)
  edata  0xc012b000 (phys)
  end    0xc012e178 (phys)
Kernel executable memory footprint: 185KB
ebp:0xc0127f38 eip:0xc0101e76 args:0x00010094 0x00000000 0xc0127f68 0xc01000df 
    kern/debug/kdebug.c:308: print_stackframe+21
ebp:0xc0127f48 eip:0xc0102165 args:0x00000000 0x00000000 0x00000000 0xc0127fb8 
    kern/debug/kmonitor.c:129: mon_backtrace+10
ebp:0xc0127f68 eip:0xc01000df args:0x00000000 0xc0127f90 0xffff0000 0xc0127f94 
    kern/init/init.c:57: grade_backtrace2+33
ebp:0xc0127f88 eip:0xc0100108 args:0x00000000 0xffff0000 0xc0127fb4 0x0000002a 
    kern/init/init.c:62: grade_backtrace1+38
ebp:0xc0127fa8 eip:0xc0100126 args:0x00000000 0xc0100036 0xffff0000 0x0000001d 
    kern/init/init.c:67: grade_backtrace0+23
ebp:0xc0127fc8 eip:0xc010014b args:0xc010b3dc 0xc010b3c0 0x00003178 0x00000000 
    kern/init/init.c:72: grade_backtrace+34
ebp:0xc0127ff8 eip:0xc010008b args:0xc010b7c8 0xc010b7d0 0xc01020eb 0xc010b7ef 
    kern/init/init.c:32: kern_init+84
memory management: default_pmm_manager
e820map:
  memory: 0009fc00, [00000000, 0009fbff], type = 1.
  memory: 00000400, [0009fc00, 0009ffff], type = 2.
  memory: 00010000, [000f0000, 000fffff], type = 2.
  memory: 07efe000, [00100000, 07ffdfff], type = 1.
  memory: 00002000, [07ffe000, 07ffffff], type = 2.
  memory: 00040000, [fffc0000, ffffffff], type = 2.
check_alloc_page() succeeded!
check_pgdir() succeeded!
check_boot_pgdir() succeeded!
-------------------- BEGIN --------------------
PDE(0e0) c0000000-f8000000 38000000 urw
  |-- PTE(38000) c0000000-f8000000 38000000 -rw
PDE(001) fac00000-fb000000 00400000 -rw
  |-- PTE(000e0) faf00000-fafe0000 000e0000 urw
  |-- PTE(00001) fafeb000-fafec000 00001000 -rw
--------------------- END ---------------------
use SLOB allocator
check_slab() success
kmalloc_init() succeeded!
check_vma_struct() succeeded!
page fault at 0x00000100: K/W [no page found].
check_pgfault() succeeded!
check_vmm() succeeded.
ide 0:      10000(sectors), 'QEMU HARDDISK'.
ide 1:     262144(sectors), 'QEMU HARDDISK'.
SWAP: manager = fifo swap manager
BEGIN check_swap: count 1, total 31949
setup Page Table for vaddr 0X1000, so alloc a page
setup Page Table vaddr 0~4MB OVER!
set up init env for check_swap begin!
page fault at 0x00001000: K/W [no page found].
page fault at 0x00002000: K/W [no page found].
page fault at 0x00003000: K/W [no page found].
page fault at 0x00004000: K/W [no page found].
set up init env for check_swap over!
write Virt Page c in fifo_check_swap
write Virt Page a in fifo_check_swap
write Virt Page d in fifo_check_swap
write Virt Page b in fifo_check_swap
write Virt Page e in fifo_check_swap
page fault at 0x00005000: K/W [no page found].
swap_out: i 0, store page in vaddr 0x1000 to disk swap entry 2
write Virt Page b in fifo_check_swap
write Virt Page a in fifo_check_swap
page fault at 0x00001000: K/W [no page found].
swap_out: i 0, store page in vaddr 0x2000 to disk swap entry 3
swap_in: load disk swap entry 2 with swap_page in vadr 0x1000
write Virt Page b in fifo_check_swap
page fault at 0x00002000: K/W [no page found].
swap_out: i 0, store page in vaddr 0x3000 to disk swap entry 4
swap_in: load disk swap entry 3 with swap_page in vadr 0x2000
write Virt Page c in fifo_check_swap
page fault at 0x00003000: K/W [no page found].
swap_out: i 0, store page in vaddr 0x4000 to disk swap entry 5
swap_in: load disk swap entry 4 with swap_page in vadr 0x3000
write Virt Page d in fifo_check_swap
page fault at 0x00004000: K/W [no page found].
swap_out: i 0, store page in vaddr 0x5000 to disk swap entry 6
swap_in: load disk swap entry 5 with swap_page in vadr 0x4000
write Virt Page e in fifo_check_swap
page fault at 0x00005000: K/W [no page found].
swap_out: i 0, store page in vaddr 0x1000 to disk swap entry 2
swap_in: load disk swap entry 6 with swap_page in vadr 0x5000
write Virt Page a in fifo_check_swap
page fault at 0x00001000: K/R [no page found].
swap_out: i 0, store page in vaddr 0x2000 to disk swap entry 3
swap_in: load disk swap entry 2 with swap_page in vadr 0x1000
count is 0, total is 5
check_swap() succeeded!
++ setup timer interrupts
this initproc, pid = 1, name = "init"
To U: "Hello world!!".
To U: "en.., Bye, Bye. :)"
kernel panic at kern/process/proc.c:356:
    process exit!!.

stack trackback:
ebp:0xc0330f98 eip:0xc0101e76 args:0xc010b8fc 0xc0330fdc 0x00000164 0xc0330fcc 
    kern/debug/kdebug.c:308: print_stackframe+21
ebp:0xc0330fc8 eip:0xc01021d6 args:0xc010d5b5 0x00000164 0xc010d5c9 0xc012e064 
    kern/debug/panic.c:27: __panic+105
ebp:0xc0330fe8 eip:0xc010a3be args:0x00000000 0xc010d648 0x00000000 0x00000010 
    kern/process/proc.c:356: do_exit+33
Welcome to the kernel debug monitor!!
Type 'help' for a list of commands.
K> 